<?xml version="1.0" encoding="UTF-8"?>
<!-- Generated by org.testng.reporters.JUnitXMLReporter -->
<testsuite ignored="0" hostname="MJ" failures="0" tests="4" name="DemoQA" time="48.309" errors="0" timestamp="2025-06-18T07:51:42 IST">
  <testcase classname="com.DemoQA.testCases.DemoQATest" name="HandleNestedFrame" time="20.901"/>
  <testcase classname="com.DemoQA.testCases.DemoQATest" name="HandleAlerts" time="9.437"/>
  <testcase classname="com.DemoQA.testCases.DemoQATest" name="Handledroppable" time="4.541"/>
  <testcase classname="com.DemoQA.testCases.DemoQATest" name="Handlewindows" time="3.413"/>
</testsuite> <!-- DemoQA -->
