<?xml version="1.0" encoding="UTF-8"?>
<testng-results ignored="0" total="4" passed="4" failed="0" skipped="0">
  <reporter-output>
  </reporter-output>
  <suite started-at="2025-06-18T07:50:53 IST" name="DemoQA" finished-at="2025-06-18T07:51:42 IST" duration-ms="48309">
    <groups>
    </groups>
    <test started-at="2025-06-18T07:50:53 IST" name="DemoQA" finished-at="2025-06-18T07:51:42 IST" duration-ms="48309">
      <class name="com.DemoQA.testCases.DemoQATest">
        <test-method is-config="true" signature="startReport()[pri:0, instance:com.DemoQA.testCases.DemoQATest@6e6f2380]" started-at="2025-06-18T07:50:53 IST" name="startReport" finished-at="2025-06-18T07:50:53 IST" duration-ms="395" status="PASS">
          <reporter-output>
          </reporter-output>
        </test-method> <!-- startReport -->
        <test-method is-config="true" signature="setup(java.lang.String)[pri:0, instance:com.DemoQA.testCases.DemoQATest@6e6f2380]" started-at="2025-06-18T07:50:53 IST" name="setup" finished-at="2025-06-18T07:51:01 IST" duration-ms="7610" status="PASS">
          <params>
            <param index="0">
              <value>
                <![CDATA[chrome]]>
              </value>
            </param>
          </params>
          <reporter-output>
          </reporter-output>
        </test-method> <!-- setup -->
        <test-method signature="HandleNestedFrame()[pri:0, instance:com.DemoQA.testCases.DemoQATest@6e6f2380]" started-at="2025-06-18T07:51:01 IST" name="HandleNestedFrame" finished-at="2025-06-18T07:51:22 IST" duration-ms="20901" status="PASS">
          <reporter-output>
          </reporter-output>
        </test-method> <!-- HandleNestedFrame -->
        <test-method is-config="true" signature="teardown1(org.testng.ITestResult)[pri:0, instance:com.DemoQA.testCases.DemoQATest@6e6f2380]" started-at="2025-06-18T07:51:22 IST" name="teardown1" finished-at="2025-06-18T07:51:23 IST" duration-ms="659" status="PASS">
          <params>
            <param index="0">
              <value>
                <![CDATA[[TestResult name=HandleNestedFrame status=SUCCESS method=DemoQATest.HandleNestedFrame()[pri:0, instance:com.DemoQA.testCases.DemoQATest@6e6f2380] output={null}]]]>
              </value>
            </param>
          </params>
          <reporter-output>
          </reporter-output>
        </test-method> <!-- teardown1 -->
        <test-method signature="HandleAlerts()[pri:1, instance:com.DemoQA.testCases.DemoQATest@6e6f2380]" started-at="2025-06-18T07:51:23 IST" name="HandleAlerts" finished-at="2025-06-18T07:51:32 IST" duration-ms="9437" status="PASS">
          <reporter-output>
          </reporter-output>
        </test-method> <!-- HandleAlerts -->
        <test-method is-config="true" signature="teardown1(org.testng.ITestResult)[pri:0, instance:com.DemoQA.testCases.DemoQATest@6e6f2380]" started-at="2025-06-18T07:51:32 IST" name="teardown1" finished-at="2025-06-18T07:51:33 IST" duration-ms="428" status="PASS">
          <params>
            <param index="0">
              <value>
                <![CDATA[[TestResult name=HandleAlerts status=SUCCESS method=DemoQATest.HandleAlerts()[pri:1, instance:com.DemoQA.testCases.DemoQATest@6e6f2380] output={null}]]]>
              </value>
            </param>
          </params>
          <reporter-output>
          </reporter-output>
        </test-method> <!-- teardown1 -->
        <test-method signature="Handledroppable()[pri:2, instance:com.DemoQA.testCases.DemoQATest@6e6f2380]" started-at="2025-06-18T07:51:33 IST" name="Handledroppable" finished-at="2025-06-18T07:51:37 IST" duration-ms="4541" status="PASS">
          <reporter-output>
          </reporter-output>
        </test-method> <!-- Handledroppable -->
        <test-method is-config="true" signature="teardown1(org.testng.ITestResult)[pri:0, instance:com.DemoQA.testCases.DemoQATest@6e6f2380]" started-at="2025-06-18T07:51:37 IST" name="teardown1" finished-at="2025-06-18T07:51:37 IST" duration-ms="323" status="PASS">
          <params>
            <param index="0">
              <value>
                <![CDATA[[TestResult name=Handledroppable status=SUCCESS method=DemoQATest.Handledroppable()[pri:2, instance:com.DemoQA.testCases.DemoQATest@6e6f2380] output={null}]]]>
              </value>
            </param>
          </params>
          <reporter-output>
          </reporter-output>
        </test-method> <!-- teardown1 -->
        <test-method signature="Handlewindows()[pri:3, instance:com.DemoQA.testCases.DemoQATest@6e6f2380]" started-at="2025-06-18T07:51:37 IST" name="Handlewindows" finished-at="2025-06-18T07:51:41 IST" duration-ms="3413" status="PASS">
          <reporter-output>
          </reporter-output>
        </test-method> <!-- Handlewindows -->
        <test-method is-config="true" signature="teardown1(org.testng.ITestResult)[pri:0, instance:com.DemoQA.testCases.DemoQATest@6e6f2380]" started-at="2025-06-18T07:51:41 IST" name="teardown1" finished-at="2025-06-18T07:51:41 IST" duration-ms="446" status="PASS">
          <params>
            <param index="0">
              <value>
                <![CDATA[[TestResult name=Handlewindows status=SUCCESS method=DemoQATest.Handlewindows()[pri:3, instance:com.DemoQA.testCases.DemoQATest@6e6f2380] output={null}]]]>
              </value>
            </param>
          </params>
          <reporter-output>
          </reporter-output>
        </test-method> <!-- teardown1 -->
        <test-method is-config="true" signature="teardown()[pri:0, instance:com.DemoQA.testCases.DemoQATest@6e6f2380]" started-at="2025-06-18T07:51:41 IST" name="teardown" finished-at="2025-06-18T07:51:42 IST" duration-ms="479" status="PASS">
          <reporter-output>
          </reporter-output>
        </test-method> <!-- teardown -->
        <test-method is-config="true" signature="endReport()[pri:0, instance:com.DemoQA.testCases.DemoQATest@6e6f2380]" started-at="2025-06-18T07:51:42 IST" name="endReport" finished-at="2025-06-18T07:51:42 IST" duration-ms="419" status="PASS">
          <reporter-output>
          </reporter-output>
        </test-method> <!-- endReport -->
      </class> <!-- com.DemoQA.testCases.DemoQATest -->
    </test> <!-- DemoQA -->
  </suite> <!-- DemoQA -->
</testng-results>
